0:100  0:100  MemLog inited, TSC freq: 1797247340
0:100  0:000  CPU was calibrated with RTC
0:100  0:000  
0:100  0:000  Now is 17.04.2020,  17:28:26 (GMT)
0:100  0:000  Starting Clover revision: 5110 (master, commit a53de4094) on INSYDE Corp. EFI
0:100  0:000  Build with: [Args: -D NO_GRUB_DRIVERS_EMBEDDED -t GCC53 | -D NO_GRUB_DRIVERS_EMBEDDED --conf=/Users/sergey/src/CloverHackyColor/Conf -D USE_LOW_EBDA -a X64 -b RELEASE -t GCC53 -n 5 | OS: 10.14.6]
0:100  0:000  SelfDevicePath=PciRoot(0x0)\Pci(0x17,0x0)\Sata(0x2,0x0,0x0)\HD(1,GPT,7CC5971E-FD54-498A-A87D-70FA748435C3,0x28,0x64000) @7A748758
0:100  0:000  SelfDirPath = \EFI\BOOT
0:100  0:000  Clover : Image base = 0x73C1C000
0:100  0:000  SimpleTextEx Status=Success
0:100  0:000  === [ Get Smbios ] ==============================
0:105  0:004  Type 16 Index = 0
0:105  0:000  Total Memory Slots Count = 2
0:105  0:000  Type 17 Index = 0
0:105  0:000  SmbiosTable.Type17->Speed = 2400MHz
0:105  0:000  SmbiosTable.Type17->Size = 4096MB
0:105  0:000  SmbiosTable.Type17->Bank/Device = BANK 0 ChannelA-DIMM0
0:105  0:000  SmbiosTable.Type17->Vendor = 0792
0:105  0:000  SmbiosTable.Type17->SerialNumber = 00000000
0:105  0:000  SmbiosTable.Type17->PartNumber = HTH5AN8G6NAFR-UHD   
0:105  0:000  Type 17 Index = 1
0:105  0:000  SmbiosTable.Type17->Speed = 2400MHz
0:105  0:000  SmbiosTable.Type17->Size = 4096MB
0:105  0:000  SmbiosTable.Type17->Bank/Device = BANK 2 ChannelB-DIMM0
0:105  0:000  SmbiosTable.Type17->Vendor = 04CB
0:105  0:000  SmbiosTable.Type17->SerialNumber = D6D50D00
0:105  0:000  SmbiosTable.Type17->PartNumber = AM1P24HC4U1-BBGS    
0:105  0:000  Boot status=0
0:105  0:000  Running on: 'Aspire A515-51G' with board 'Charmander_KL'
0:105  0:000  === [ GetCPUProperties ] ========================
0:105  0:000  CPU Vendor = 756E6547 Model=806EA
0:105  0:000   The CPU supported SSE4.1
0:105  0:000  BrandString = Intel(R) Core(TM) i5-8250U CPU @ 1.60GHz
0:105  0:000   The CPU supported turbo
0:105  0:000  MSR 0x35               40008
0:105  0:000   TSC/CCC Information Leaf:
0:105  0:000    numerator     : 150
0:105  0:000    denominator   : 2
0:105  0:000   Calibrated ARTFrequency: 23963297
0:105  0:000   Rounded ARTFrequency: 24000000
0:105  0:000  MSR 0xE2 before patch 7E008004
0:105  0:000  MSR 0xE2 is locked, PM patches will be turned on
0:105  0:000  MSR 0xCE              0004043D_F1011200
0:105  0:000  corrected FLEX_RATIO = 0
0:105  0:000  MSR 0x1B0             00000000
0:105  0:000  FSBFrequency = 156 MHz, DMI FSBFrequency = 100 MHz, Corrected FSBFrequency = 100 MHz
0:105  0:000  MaxDiv/MinDiv: 18.0/4
0:105  0:000  Turbo: 34/34/34/34
0:105  0:000  Features: 0x77FAFBBFBFEBFBFF
0:105  0:000  Threads: 8
0:105  0:000  Cores: 4
0:105  0:000  FSB: 100 MHz
0:105  0:000  CPU: 2800 MHz
0:105  0:000  TSC: 2800 MHz
0:105  0:000  PIS: 100 MHz
0:105  0:000  ExternalClock: 25 MHz
0:105  0:000  === [ GetDevices ] ==============================
0:105  0:000  GOP found at: 
0:105  0:000  PCI (00|00:00.00) : 8086 5914 class=060000
0:105  0:000  PCI (00|00:02.00) : 8086 5917 class=030000
0:105  0:000   - GFX: Model=Intel UHD Graphics 620 (Intel)
0:105  0:000  PCI (00|00:14.00) : 8086 9D2F class=0C0330
0:105  0:000  PCI (00|00:15.00) : 8086 9D60 class=118000
0:105  0:000  PCI (00|00:15.01) : 8086 9D61 class=118000
0:105  0:000  PCI (00|00:16.00) : 8086 9D3A class=078000
0:105  0:000  PCI (00|00:17.00) : 8086 9D03 class=010601
0:105  0:000  PCI (00|00:1C.00) : 8086 9D10 class=060400
0:105  0:000  PCI (00|01:00.00) : 10DE 174D class=030200
0:105  0:000  PCI (00|00:1C.04) : 8086 9D14 class=060400
0:105  0:000  PCI (00|02:00.00) : 10EC 5287 class=FF0000
0:105  0:000  PCI (00|02:00.01) : 10EC 8168 class=020000
0:105  0:000   - LAN: 0 Vendor=Realtek
0:105  0:000  PCI (00|00:1C.05) : 8086 9D15 class=060400
0:105  0:000  PCI (00|03:00.00) : 168C 0042 class=028000
0:105  0:000   - WIFI: Vendor=5772 = Atheros
0:105  0:000  PCI (00|00:1F.00) : 8086 9D4E class=060100
0:105  0:000  PCI (00|00:1F.02) : 8086 9D21 class=058000
0:105  0:000  PCI (00|00:1F.03) : 8086 9D71 class=040380
0:105  0:000  PCI (00|00:1F.04) : 8086 9D23 class=0C0500
0:105  0:000  === [ GetDefaultSettings ] ======================
0:105  0:000  Clover load options size = 0 bytes
0:108  0:003  CheckOEMPathExists tried EFI\CLOVER\OEM\Aspire A515-51G--00-00-00-00-00-00. Dir not exists
0:108  0:000  CheckOEMPathExists tried EFI\CLOVER\OEM\Charmander_KL\UEFI. Dir not exists
0:108  0:000  CheckOEMPathExists tried EFI\CLOVER\OEM\Aspire A515-51G. Dir not exists
0:108  0:000  CheckOEMPathExists tried EFI\CLOVER\OEM\Aspire A515-51G-2800. Dir not exists
0:108  0:000  CheckOEMPathExists tried EFI\CLOVER\OEM\Charmander_KL. Dir not exists
0:108  0:000  CheckOEMPathExists tried EFI\CLOVER\OEM\Charmander_KL-2800. Dir not exists
0:108  0:000  set OEMPath by default: EFI\CLOVER
0:110  0:001  EFI\CLOVER\config.plist loaded: Success
0:115  0:005  === [ GetListOfThemes ] =========================
0:116  0:001  - [00]: random
0:117  0:000  - [00]: embedded
0:117  0:000  === [ Found config plists ] =====================
0:117  0:000  - config.plist
0:117  0:000  - config2.plist
0:126  0:008  === [ GetEarlyUserSettings ] ====================
0:126  0:000  timeout set to 3
0:126  0:000  Custom boot CUSTOM_BOOT_DISABLED (0x0)
0:126  0:000  ForceKextsToLoad: 1 requested
0:126  0:000   - [0]: System\Library\Extensions\IONetworkingFamily.kext
0:126  0:000  KextsToPatch: 3 requested
0:126  0:000   - [00]: com.apple.driver.AirPort.Brcm4360 (AirPo﻿rtBrcm4360 ﻿- fcvo﻿﻿) :: BinPatch :: data len: 8
0:126  0:000   - [01]: com.apple.driver.usb.AppleUSBXHCI (Remove 15 port limit completely 10.14 B2) :: BinPatch :: data len: 9
0:126  0:000   - [02]: com.apple.iokit.IOAHCIBlockStorage (Enable TRIM for SSD) :: BinPatch :: data len: 11
0:126  0:000  KernelToPatch: 2 requested
0:126  0:000   - [00]: MSR 0xE2 _xcpm_idle instant reboot(c) Pike R. Alpha :: data len: 8
0:126  0:000   - [01]: Disable panic kext logging on 10.14 release kernel (credit vit9696) :: MatchOS: 10.14.x :: data len: 6
0:126  0:000  Default theme: minimal
0:126  0:000  Hiding entries with string Preboot
0:126  0:000  Hiding entries with string Recovery
0:126  0:000   Custom EDID has wrong length=127
0:126  0:000  === [ LoadDrivers ] =============================
0:129  0:002  Loading FSInject.efi  status=Success
0:131  0:001  Loading UsbKbDxe.efi  status=Success
0:132  0:001   - driver needs connecting
0:132  0:000  Loading HFSPlus.efi  status=Success
0:134  0:001   - driver needs connecting
0:134  0:000  Loading AptioInputFix.efi  status=Success
0:136  0:001  Loading VirtualSmc.efi  status=Success
0:239  0:103  Loading Ps2MouseDxe.efi  status=Success
0:241  0:001   - driver needs connecting
0:241  0:000  Loading EmuVariableUefi.efi  status=Success
0:243  0:001  EmuVariableUefi Initialize: VariableCommonInitialize = Success, orig services stored, install gEmuVariableControlProtocolGuid = Success
0:243  0:000  Loading DataHubDxe.efi  status=Success
0:245  0:001  Loading ApfsDriverLoader.efi  status=Success
0:247  0:001   - driver needs connecting
0:247  0:000  Loading AudioDxe.efi  status=Success
0:249  0:002   - driver needs connecting
0:249  0:000  Loading UsbMouseDxe.efi  status=Success
0:251  0:001   - driver needs connecting
0:251  0:000  Loading AptioMemoryFix.efi  status=Success
0:253  0:002  6 drivers needs connecting ...
0:253  0:000  PlatformDriverOverrideProtocol->GetDriver overriden
0:253  0:000  HFS+ driver loaded
0:253  0:000  APFS driver loaded
0:253  0:000  Searching for invalid DiskIo BY_DRIVER connects: not found, all ok
4:246  3:992  EmuVariable InstallEmulation: orig vars copied, emu.var.services installed, CreateEvent VirtualAddressChange = Success, CreateEvent ExitBootServices = Success, set Status=Success
4:279  0:033  === [ InitScreen ] ==============================
4:279  0:000  Console modes reported: 6, available modes:
4:279  0:000   - [01]: 80x25
4:279  0:000   - [03]: 80x25
4:279  0:000   - [04]: 170x40 (current mode)
4:279  0:000   - [05]: 100x31
4:279  0:000   - [06]: 128x40
4:279  0:000  SetScreenResolution: 1366x768 - already set
4:279  0:000  SetScreenResolution: 1366x768 - already set
4:279  0:000  reinit: self device path=PciRoot(0x0)\Pci(0x17,0x0)\Sata(0x2,0x0,0x0)\HD(1,GPT,7CC5971E-FD54-498A-A87D-70FA748435C3,0x28,0x64000)
4:279  0:000  new SelfHandle=7A748758
4:279  0:000  === [ GetMacAddress ] ===========================
4:279  0:000  MAC address of LAN #0= 98:29:A6:E1:E1:2C:
4:279  0:000  === [ ScanSPD ] =================================
4:279  0:000  Scanning SMBus [8086:9D23], mmio: 0xB432E004, ioport: 0x5040, hostc: 0x11
4:299  0:019  Slot: 2 Type 26 4096MB 2400MHz Vendor=A-DATA Technology PartNo=AM1P24HC4U1-BBGS SerialNo=0D060D05000D0000
4:300  0:000  === [ GetAcpiTablesList ] =======================
4:310  0:010  Get Acpi Tables List from RSDT:
4:310  0:000   - [00]: FACP  ACRPRDCT len=268
4:310  0:000   - [01]: UEFI  ACRPRDCT len=66
4:310  0:000   - [02]: MSDM  ACRPRDCT len=85
4:310  0:000   - [03]: SSDT  ACRPRDCT len=70
4:310  0:000   - [04]: SSDT  ACRPRDCT len=12545
4:310  0:000   - [05]: ASPT  ACRPRDCT len=52
4:310  0:000   - [06]: DBGP  ACRPRDCT len=52
4:310  0:000   - [07]: APIC  ACRPRDCT len=188
4:310  0:000   - [08]: SSDT  ACRPRDCT len=1303
4:310  0:000   - [09]: LPIT  ACRPRDCT len=148
4:310  0:000   - [10]: SSDT  ACRPRDCT len=671
4:310  0:000   - [11]: SSDT  ACRPRDCT len=12290
4:310  0:000   - [12]: DBGP  ACRPRDCT len=52
4:310  0:000   - [13]: SSDT  ACRPRDCT len=4272
4:310  0:000   - [14]: SSDT  ACRPRDCT len=3806
4:310  0:000   - [15]: NHLT  ACRPRDCT len=45
4:310  0:000   - [16]: FPDT  ACRPRDCT len=68
4:310  0:000   - [17]: UEFI  ACRPRDCT len=566
4:310  0:000   - [18]: SSDT  ACRPRDCT len=1219
4:310  0:000   - [19]: ASF!  ACRPRDCT len=165
4:310  0:000   - [20]: HPET  ACRPRDCT len=56
4:310  0:000   - [21]: SSDT  ACRPRDCT len=3016
4:310  0:000   - [22]: SSDT  ACRPRDCT len=838
4:310  0:000   - [23]: DBG2  ACRPRDCT len=84
4:310  0:000   - [24]: SSDT  ACRPRDCT len=15416
4:310  0:000   - [25]: BGRT  ACRPRDCT len=56
4:310  0:000   - [26]: TPM2  ACRPRDCT len=52
4:310  0:000   - [27]: MCFG  ACRPRDCT len=60
4:310  0:000   - [28]: SSDT  ACRPRDCT len=1310
4:310  0:000   - [29]: BOOT  ACRPRDCT len=40
4:310  0:000   - [30]: WSMT  ACRPRDCT len=40
4:310  0:000   - [31]: SSDT  ACRPRDCT len=22721
4:310  0:000  Calibrated TSC Frequency = 1797247340 = 1797MHz
4:310  0:000  === [ GetUserSettings ] =========================
4:310  0:000   Custom EDID has wrong length=127
4:310  0:000  Add 2 devices (kTagTypeDict):
4:310  0:000  Add 8 properties:
4:310  0:000   - [00]: NVidia Key: name, len: 9
4:310  0:000   - [01]: NVidia Key: IOName, len: 9
4:310  0:000   - [02]: NVidia Key: class-code, len: 4
4:310  0:000   - [03]: ATI Key: name, len: 9
4:310  0:000   - [04]: ATI Key: IOName, len: 9
4:310  0:000   - [05]: ATI Key: class-code, len: 4
4:310  0:000   - [06]: ATI Key: vendor-id, len: 4
4:310  0:000   - [07]: ATI Key: device-id, len: 4
4:310  0:000  USB FixOwnership: yes
4:310  0:000   - final DSDT Fix mask=00000000
4:310  0:000  PatchesDSDT: 7 requested
4:310  0:000   - [00]: (change HECI to IMEI) lenToFind: 4, lenToReplace: 4, Target Bridge: 
4:310  0:000   - [01]: (change HDAS to HDEF) lenToFind: 4, lenToReplace: 4, Target Bridge: 
4:310  0:000   - [02]: (change MEI to IMEI) lenToFind: 4, lenToReplace: 4, Target Bridge: 
4:310  0:000   - [03]: (change GFX0 to IGPU) lenToFind: 4, lenToReplace: 4, Target Bridge: 
4:310  0:000   - [04]: (change PCI0.VID to IGPU #1 (Thinkpad)) lenToFind: 8, lenToReplace: 8, Target Bridge: 
4:310  0:000   - [05]: (change PCI0.VID to IGPU #2 (Thinkpad)) lenToFind: 14, lenToReplace: 14, Target Bridge: 
4:310  0:000   - [06]: (change EC0 to EC) lenToFind: 4, lenToReplace: 4, Target Bridge: 
4:310  0:000  Using ProductName from config: MacBookPro15,2
4:310  0:000  BiosVersion: not set, Using BiosVersion from clover
4:310  0:000  BiosVersion: MBP152.88Z.F000.B00.2003070250
4:310  0:000  BiosReleaseDate: 03/07/2020
4:310  0:000  Using EfiVersion from clover: 1037.100.355.0.0
4:310  0:000  Using FirmwareFeatures from clover: 0xFC0FE137
4:310  0:000  Using FirmwareFeaturesMask from clover: 0xFF1FFF3F
4:310  0:000  Using PlatformFeature from clover: 0x2
4:310  0:000  Error: invalid CustomUUID '' - should be in the format XXXXXXXX-XXXX-XXXX-XXXX-XXXXXXXXXXXX
4:311  0:000  === [ Found DSDT tables ] =======================
4:312  0:001  - DSDT.aml
5:321  1:009  === [ ScanVolumes ] =============================
5:321  0:000  Found 11 volumes with blockIO
5:321  0:000  - [00]: Volume: PciRoot(0x0)\Pci(0x17,0x0)\Sata(0x0,0x0,0x0)
5:321  0:000  - [01]: Volume: PciRoot(0x0)\Pci(0x17,0x0)\Sata(0x2,0x0,0x0)
5:322  0:000  - [02]: Volume: PciRoot(0x0)\Pci(0x17,0x0)\Sata(0x0,0x0,0x0)\HD(1,GPT,6800B4D3-D6F4-429B-918A-DEA4521AEE26,0x28,0x64000)
5:322  0:000          Result of bootcode detection: bootable unknown (legacy)
5:322  0:000  - [03]: Volume: PciRoot(0x0)\Pci(0x17,0x0)\Sata(0x0,0x0,0x0)\HD(2,GPT,8DD727BC-185B-41F6-8B4A-4EB349635DE3,0x64800,0x746A2000)
5:322  0:000          Result of bootcode detection: bootable unknown (legacy)
5:322  0:000  - [04]: Volume: PciRoot(0x0)\Pci(0x17,0x0)\Sata(0x2,0x0,0x0)\HD(1,GPT,7CC5971E-FD54-498A-A87D-70FA748435C3,0x28,0x64000)
5:322  0:000          Result of bootcode detection: bootable unknown (legacy)
5:323  0:001          This is SelfVolume !!
5:323  0:000  - [05]: Volume: PciRoot(0x0)\Pci(0x17,0x0)\Sata(0x2,0x0,0x0)\HD(2,GPT,1B65B047-B09D-43EE-8177-0D0ECBDEE758,0x64028,0x1DC8F260)
5:323  0:000          Result of bootcode detection: bootable unknown (legacy)
5:323  0:000  - [06]: Volume: PciRoot(0x0)\Pci(0x17,0x0)\Sata(0x2,0x0,0x0)\HD(2,GPT,1B65B047-B09D-43EE-8177-0D0ECBDEE758,0x64028,0x1DC8F260)\VenMedia(BE74FCF7-0B7C-49F3-9147-01F4042E6842,614ED4E4A0299D4B8B5632BAE7EBC1DC)
5:324  0:000          hiding this volume
5:324  0:000  - [07]: Volume: PciRoot(0x0)\Pci(0x17,0x0)\Sata(0x2,0x0,0x0)\HD(2,GPT,1B65B047-B09D-43EE-8177-0D0ECBDEE758,0x64028,0x1DC8F260)\VenMedia(BE74FCF7-0B7C-49F3-9147-01F4042E6842,1462BD3CB508C548B60AA1F2CFA12AF2)
5:324  0:000  - [08]: Volume: PciRoot(0x0)\Pci(0x17,0x0)\Sata(0x2,0x0,0x0)\HD(2,GPT,1B65B047-B09D-43EE-8177-0D0ECBDEE758,0x64028,0x1DC8F260)\VenMedia(BE74FCF7-0B7C-49F3-9147-01F4042E6842,ED7BDD6AD5996642A7A7BC75F6D1120D)
5:324  0:000          hiding this volume
5:324  0:000  - [09]: Volume: PciRoot(0x0)\Pci(0x17,0x0)\Sata(0x2,0x0,0x0)\HD(2,GPT,1B65B047-B09D-43EE-8177-0D0ECBDEE758,0x64028,0x1DC8F260)\VenMedia(BE74FCF7-0B7C-49F3-9147-01F4042E6842,9D73EC13DD8F5844AD3BA5177AC6E2A2)
5:324  0:000  - [10]: Volume: PciRoot(0x0)\Pci(0x17,0x0)\Sata(0x2,0x0,0x0)\HD(2,GPT,1B65B047-B09D-43EE-8177-0D0ECBDEE758,0x64028,0x1DC8F260)\VenMedia(BE74FCF7-0B7C-49F3-9147-01F4042E6842,475864F769D1374FB1CAC643AF11BEB0)
5:324  0:000  Searching volumes for latest nvram.plist ...
5:324  0:000  Loading nvram.plist from Vol 'EFI' -  begin load gNvramDict=0x0
5:325  0:000   loaded, size=1773
5:332  0:006  loaded Status=Success
5:332  0:000  === [ PutNvramPlistToRtVars ] ===================
5:332  0:000   Adding Key: EFILoginHiDPI: Size = 4, Data: 00 00 00 00 
5:332  0:000   Skipping EmuVariableUefiPresent
5:332  0:000   Adding Key: SystemAudioVolume: Size = 1, Data: 30 
5:332  0:000   Adding Key: SystemAudioVolumeDB: Size = 1, Data: FFFFFFF7 
5:332  0:000   Adding Key: backlight-level: Size = 2, Data: FFFFFFF6 01 
5:332  0:000   Adding Key: bluetoothActiveControllerInfo: Size = 16, Data: 15 30 FFFFFFCA 04 00 00 00 00 50 14 5C FFFFFFC9 FFFFFFD3 FFFFFFBA FFFFFFE5 39 
5:332  0:000   Adding Key: csr-active-config: Size = 4, Data: 67 00 00 00 
5:332  0:000   Adding Key: efi-boot-device: Size = 216, Data: 3C 61 72 72 61 79 3E 3C 64 69 63 74 3E 3C 6B 65 79 3E 49 4F 4D 61 74 63 68 3C 2F 6B 65 79 3E 3C 64 69 63 74 3E 3C 6B 65 79 3E 49 4F 50 72 6F 76 69 64 65 72 43 6C 61 73 73 3C 2F 6B 65 79 3E 3C 73 74 72 69 6E 67 3E 49 4F 4D 65 64 69 61 3C 2F 73 74 72 69 6E 67 3E 3C 6B 65 79 3E 49 4F 50 72 6F 70 65 72 74 79 4D 61 74 63 68 3C 2F 6B 65 79 3E 3C 64 69 63 74 3E 3C 6B 65 79 3E 55 55 49 44 3C 2F 6B 65 79 3E 3C 73 74 72 69 6E 67 3E 31 42 36 35 42 30 34 37 2D 42 30 39 44 2D 34 33 45 45 2D 38 31 37 37 2D 30 44 30 45 43 42 44 45 45 37 35 38 3C 2F 73 74 72 69 6E 67 3E 3C 2F 64 69 63 74 3E 3C 2F 64 69 63 74 3E 3C 2F 64 69 63 74 3E 3C 2F 61 72 72 61 79 3E 
5:332  0:000   Adding Key: efi-boot-device-data: Size = 110, Data: 02 01 0C 00 FFFFFFD0 41 03 0A 00 00 00 00 01 01 06 00 00 17 03 12 0A 00 02 00 00 00 00 00 04 01 2A 00 02 00 00 00 28 40 06 00 00 00 00 00 60 FFFFFFF2 FFFFFFC8 1D 00 00 00 00 47 FFFFFFB0 65 1B FFFFFF9D FFFFFFB0 FFFFFFEE 43 FFFFFF81 77 0D 0E FFFFFFCB FFFFFFDE FFFFFFE7 58 02 02 04 03 24 00 FFFFFFF7 FFFFFFFC 74 FFFFFFBE 7C 0B FFFFFFF3 49 FFFFFF91 47 01 FFFFFFF4 04 2E 68 42 47 58 64 FFFFFFF7 69 FFFFFFD1 37 4F FFFFFFB1 FFFFFFCA FFFFFFC6 43 FFFFFFAF 11 FFFFFFBE FFFFFFB0 7F FFFFFFFF 04 00 
5:332  0:000   Adding Key: fakesmc-key-#KEY-ui32: Size = 4, Data: 00 00 00 00 
5:332  0:000   Adding Key: fakesmc-key-$Adr-ui32: Size = 4, Data: 00 00 03 00 
5:332  0:000   Adding Key: fakesmc-key-$Num-ui8: Size = 1, Data: 01 
5:332  0:000   Adding Key: fakesmc-key-RMde-char: Size = 1, Data: 41 
5:332  0:000   Adding Key: flagstate: Size = 32, Data: 00 00 00 00 00 00 00 00 00 00 00 00 00 00 00 00 00 00 00 00 00 00 00 00 00 00 00 00 00 00 00 00 
5:332  0:000   Adding Key: fmm-computer-name: Size = 5, Data: 6D 61 63 4F 53 
5:332  0:000   Adding Key: security-mode: String: Size = 4, Val = 'none'
5:332  0:000   Adding Key: specialbootdevice: Size = 110, Data: 02 01 0C 00 FFFFFFD0 41 03 0A 00 00 00 00 01 01 06 00 00 17 03 12 0A 00 02 00 00 00 00 00 04 01 2A 00 02 00 00 00 28 40 06 00 00 00 00 00 60 FFFFFFF2 FFFFFFC8 1D 00 00 00 00 47 FFFFFFB0 65 1B FFFFFF9D FFFFFFB0 FFFFFFEE 43 FFFFFF81 77 0D 0E FFFFFFCB FFFFFFDE FFFFFFE7 58 02 02 04 03 24 00 FFFFFFF7 FFFFFFFC 74 FFFFFFBE 7C 0B FFFFFFF3 49 FFFFFF91 47 01 FFFFFFF4 04 2E 68 42 47 58 64 FFFFFFF7 69 FFFFFFD1 37 4F FFFFFFB1 FFFFFFCA FFFFFFC6 43 FFFFFFAF 11 FFFFFFBE FFFFFFB0 7F FFFFFFFF 04 00 
5:332  0:000  found 2 handles with audio
5:332  0:000  No AudioIoDevice stored
5:332  0:000  no stored audio parameters
5:332  0:000  Found Audio Device Realtek ALC255 (Speaker) at index 0
5:332  0:000  Found Audio Device Realtek ALC255 (Headphones) at index 1
5:332  0:000  Found Audio Device Intel Kaby Lake HDMI (HDMI) at index 2
5:332  0:000  === [ InitXTheme ] ==============================
5:332  0:000  use daylight theme
5:332  0:000   using embedded theme
5:332  0:000  got embedded sound
5:332  0:000    Channels: 2  Sample rate: 8000 Hz  Bits: 16
5:332  0:000  output to channel 0 with volume 0, len=25600
5:332  0:000   sound channels=2 bits=16 freq=8000
5:332  0:000  sound play end with status=Not Found
5:334  0:001  Using embedded font
5:376  0:041  theme inited
5:376  0:000  Chosen embedded theme
5:376  0:000  after NVRAM boot-args=dart=0 nv_disable=1 darkwake=no lilucpu=8
5:376  0:000  === [ Dump SMC keys from NVRAM ] ================
5:376  0:000  found AppleSMC protocol
5:376  0:000  === [ AddCustomEntries ] ========================
5:376  0:000      Checking volume "EFI" (PciRoot(0x0)\Pci(0x17,0x0)\Sata(0x0,0x0,0x0)\HD(1,GPT,6800B4D3-D6F4-429B-918A-DEA4521AEE26,0x28,0x64000)) ... skipped because path does not exist
5:376  0:000      Checking volume "EFI" (PciRoot(0x0)\Pci(0x17,0x0)\Sata(0x2,0x0,0x0)\HD(1,GPT,7CC5971E-FD54-498A-A87D-70FA748435C3,0x28,0x64000)) ... skipped because path does not exist
5:376  0:000      Checking volume "Preboot" (PciRoot(0x0)\Pci(0x17,0x0)\Sata(0x2,0x0,0x0)\HD(2,GPT,1B65B047-B09D-43EE-8177-0D0ECBDEE758,0x64028,0x1DC8F260)\VenMedia(BE74FCF7-0B7C-49F3-9147-01F4042E6842,614ED4E4A0299D4B8B5632BAE7EBC1DC)) ... skipped because volume is hidden
5:376  0:000      Checking volume "macOS_M.2 - Dados" (PciRoot(0x0)\Pci(0x17,0x0)\Sata(0x2,0x0,0x0)\HD(2,GPT,1B65B047-B09D-43EE-8177-0D0ECBDEE758,0x64028,0x1DC8F260)\VenMedia(BE74FCF7-0B7C-49F3-9147-01F4042E6842,1462BD3CB508C548B60AA1F2CFA12AF2)) ... skipped because path does not exist
5:376  0:000      Checking volume "Recovery" (PciRoot(0x0)\Pci(0x17,0x0)\Sata(0x2,0x0,0x0)\HD(2,GPT,1B65B047-B09D-43EE-8177-0D0ECBDEE758,0x64028,0x1DC8F260)\VenMedia(BE74FCF7-0B7C-49F3-9147-01F4042E6842,ED7BDD6AD5996642A7A7BC75F6D1120D)) ... skipped because volume is hidden
5:376  0:000      Checking volume "VM" (PciRoot(0x0)\Pci(0x17,0x0)\Sata(0x2,0x0,0x0)\HD(2,GPT,1B65B047-B09D-43EE-8177-0D0ECBDEE758,0x64028,0x1DC8F260)\VenMedia(BE74FCF7-0B7C-49F3-9147-01F4042E6842,9D73EC13DD8F5844AD3BA5177AC6E2A2)) ... skipped because path does not exist
5:376  0:000      Checking volume "macOS_M.2" (PciRoot(0x0)\Pci(0x17,0x0)\Sata(0x2,0x0,0x0)\HD(2,GPT,1B65B047-B09D-43EE-8177-0D0ECBDEE758,0x64028,0x1DC8F260)\VenMedia(BE74FCF7-0B7C-49F3-9147-01F4042E6842,475864F769D1374FB1CAC643AF11BEB0)) ... skipped because path does not exist
5:376  0:000      Checking volume "EFI" (PciRoot(0x0)\Pci(0x17,0x0)\Sata(0x0,0x0,0x0)\HD(1,GPT,6800B4D3-D6F4-429B-918A-DEA4521AEE26,0x28,0x64000)) ... skipped because path does not exist
5:376  0:000      Checking volume "EFI" (PciRoot(0x0)\Pci(0x17,0x0)\Sata(0x2,0x0,0x0)\HD(1,GPT,7CC5971E-FD54-498A-A87D-70FA748435C3,0x28,0x64000)) ... skipped because path does not exist
5:376  0:000      Checking volume "Preboot" (PciRoot(0x0)\Pci(0x17,0x0)\Sata(0x2,0x0,0x0)\HD(2,GPT,1B65B047-B09D-43EE-8177-0D0ECBDEE758,0x64028,0x1DC8F260)\VenMedia(BE74FCF7-0B7C-49F3-9147-01F4042E6842,614ED4E4A0299D4B8B5632BAE7EBC1DC)) ... skipped because volume is hidden
5:376  0:000      Checking volume "macOS_M.2 - Dados" (PciRoot(0x0)\Pci(0x17,0x0)\Sata(0x2,0x0,0x0)\HD(2,GPT,1B65B047-B09D-43EE-8177-0D0ECBDEE758,0x64028,0x1DC8F260)\VenMedia(BE74FCF7-0B7C-49F3-9147-01F4042E6842,1462BD3CB508C548B60AA1F2CFA12AF2)) ... skipped because path does not exist
5:376  0:000      Checking volume "Recovery" (PciRoot(0x0)\Pci(0x17,0x0)\Sata(0x2,0x0,0x0)\HD(2,GPT,1B65B047-B09D-43EE-8177-0D0ECBDEE758,0x64028,0x1DC8F260)\VenMedia(BE74FCF7-0B7C-49F3-9147-01F4042E6842,ED7BDD6AD5996642A7A7BC75F6D1120D)) ... skipped because volume is hidden
5:376  0:000      Checking volume "VM" (PciRoot(0x0)\Pci(0x17,0x0)\Sata(0x2,0x0,0x0)\HD(2,GPT,1B65B047-B09D-43EE-8177-0D0ECBDEE758,0x64028,0x1DC8F260)\VenMedia(BE74FCF7-0B7C-49F3-9147-01F4042E6842,9D73EC13DD8F5844AD3BA5177AC6E2A2)) ... skipped because path does not exist
5:376  0:000      Checking volume "macOS_M.2" (PciRoot(0x0)\Pci(0x17,0x0)\Sata(0x2,0x0,0x0)\HD(2,GPT,1B65B047-B09D-43EE-8177-0D0ECBDEE758,0x64028,0x1DC8F260)\VenMedia(BE74FCF7-0B7C-49F3-9147-01F4042E6842,475864F769D1374FB1CAC643AF11BEB0)) ... skipped because path does not exist
5:376  0:000  === [ ScanLoader ] ==============================
5:376  0:000  - [02]: 'EFI'
5:376  0:000  - [04]: 'EFI'
5:377  0:000          AddLoaderEntry for Volume Name=EFI
5:377  0:000          skipped because entry is hidden
5:377  0:000  - [06]: 'Preboot', hidden
5:377  0:000  - [07]: 'macOS_M.2 - Dados'
5:379  0:002  - [08]: 'Recovery', hidden
5:379  0:000  - [09]: 'VM'
5:379  0:000  - [10]: 'macOS_M.2'
5:391  0:011          AddLoaderEntry for Volume Name=macOS_M.2
5:395  0:004      hibernated: set as never
5:396  0:000      Loader entry created for 'PciRoot(0x0)\Pci(0x17,0x0)\Sata(0x2,0x0,0x0)\HD(2,GPT,1B65B047-B09D-43EE-8177-0D0ECBDEE758,0x64028,0x1DC8F260)\VenMedia(BE74FCF7-0B7C-49F3-9147-01F4042E6842,475864F769D1374FB1CAC643AF11BEB0)\System\Library\CoreServices\boot.efi'
5:396  0:000  === [ AddCustomTool ] ===========================
5:396  0:000  found tool \EFI\CLOVER\tools\Shell64U.efi
5:396  0:000  Checking EFI partition Volume 2 for Clover
5:396  0:000  Checking EFI partition Volume 4 for Clover
5:396  0:000   Found Clover
5:396  0:000  EmuVariable UninstallEmulation: CloseEvent = Success, original var services restored
5:396  0:000  EmuVariable InstallEmulation: orig vars copied, emu.var.services installed, CreateEvent VirtualAddressChange = Success, CreateEvent ExitBootServices = Success, set Status=Success
5:428  0:032  === [ GetEfiBootDeviceFromNvram ] ===============
5:428  0:000   - efi-boot-device-data: PciRoot(0x0)\Pci(0x17,0x0)\Sata(0x2,0x0,0x0)\HD(2,GPT,1B65B047-B09D-43EE-8177-0D0ECBDEE758,0x64028,0x1DC8F260)\VenMedia(BE74FCF7-0B7C-49F3-9147-01F4042E6842,475864F769D1374FB1CAC643AF11BEB0)
5:428  0:000    - Volume: 'PciRoot(0x0)\Pci(0x17,0x0)\Sata(0x2,0x0,0x0)\HD(2,GPT,1B65B047-B09D-43EE-8177-0D0ECBDEE758,0x64028,0x1DC8F260)\VenMedia(BE74FCF7-0B7C-49F3-9147-01F4042E6842,475864F769D1374FB1CAC643AF11BEB0)'
5:428  0:000    - LoaderPath: ''
5:428  0:000    - Guid = 1B65B047-B09D-43EE-8177-0D0ECBDEE758
5:428  0:000  === [ FindStartupDiskVolume ] ===================
5:428  0:000    - Volume: partition = PciRoot(0x0)\Pci(0x17,0x0)\Sata(0x2,0x0,0x0)\HD(2,GPT,1B65B047-B09D-43EE-8177-0D0ECBDEE758,0x64028,0x1DC8F260)\VenMedia(BE74FCF7-0B7C-49F3-9147-01F4042E6842,475864F769D1374FB1CAC643AF11BEB0)
5:428  0:000     - searching for that partition
5:428  0:000      - found entry 0. 'Boot macOS from macOS_M.2', Volume 'macOS_M.2'
5:428  0:000  Boot redirected to Entry 0. 'Boot macOS from macOS_M.2'
5:428  0:000  EmuVariable UninstallEmulation: CloseEvent = Success, original var services restored
5:454  0:026  GUI ready
