
Clover Installer r5122 (1fe7cc1cf) (installer library v1.1.6), 2020-09-07 08:25:36
macOS Versão 10.15.6 (Compilação 19G2021)
SELF = /Applications/Clover.app/Contents/MacOS/CloverDaemonNew
Backup made at:
/Users/allansrc/Desktop/CloverBackUp/NT-256 Media/r5121_2020-09-07_08-25-30/EFI.
Target volume: /Volumes/EFI
BSD Name:      disk0s1
Filesystem:    FAT32
Is internal:   true
Is writable:   true
Installation type: UEFI

/dev/disk0 (internal, physical):
   #:                       TYPE NAME                    SIZE       IDENTIFIER
   0:      GUID_partition_scheme                        *256.1 GB   disk0
   1:                        EFI EFI                     209.7 MB   disk0s1
   2:                 Apple_APFS Container disk1         255.9 GB   disk0s2

/dev/disk1 (synthesized):
   #:                       TYPE NAME                    SIZE       IDENTIFIER
   0:      APFS Container Scheme -                      +255.9 GB   disk1
                                 Physical Store disk0s2
   1:                APFS Volume macOS_M.2 - Dados       223.8 GB   disk1s1
   2:                APFS Volume Preboot                 155.2 MB   disk1s2
   3:                APFS Volume Recovery                528.9 MB   disk1s3
   4:                APFS Volume VM                      1.1 MB     disk1s4
   5:                APFS Volume macOS_M.2               11.3 GB    disk1s5




Installing/Updating Clover:
+ ../BOOT/BOOTX64.efi
+ ../CLOVER/CLOVERX64.efi

Installing/Updating drivers:
+ ../UEFI/AudioDxe.efi
+ ../UEFI/DataHubDxe.efi
+ ../UEFI/FSInject.efi
+ ../UEFI/ApfsDriverLoader.efi
+ ../UEFI/VBoxHfs.efi
+ ../UEFI/AptioInputFix.efi
+ ../UEFI/Ps2MouseDxe.efi
+ ../UEFI/UsbKbDxe.efi
+ ../UEFI/UsbMouseDxe.efi
+ ../UEFI/AptioMemoryFix.efi
+ ../UEFI/EmuVariableUefi.efi
+ ../BIOS/AudioDxe.efi
+ ../BIOS/FSInject.efi
+ ../BIOS/SMCHelper.efi
+ ../BIOS/XhciDxe.efi
+ ../BIOS/ApfsDriverLoader.efi

Installing/Updating tools:
+ ../tools/Shell64.efi
+ ../tools/bdmesg.efi
+ ../tools/Shell64U.efi
+ ../tools/Shell32.efi

Installing/Updating docs:
+ ../doc/UEFI boot with Clover.rtf
+ ../doc/boot1f32-install.sh
+ ../doc/HowToInstallOSX.txt
+ ../doc/HowToFixDsdt.txt
+ ../doc/bcfg.txt